# JRE version: Java(TM) SE Runtime Environment 18.9 (11.0.8+10) (build 11.0.8+10-LTS)
# Java VM: Java HotSpot(TM) 64-Bit Server VM 18.9 (11.0.8+10-LTS, mixed mode, tiered, compressed oops, parallel gc, windows-amd64)
Heap:
 PSYoungGen      total 25600K, used 6712K [0x00000000eab00000, 0x00000000ec800000, 0x0000000100000000)
  eden space 23552K, 21% used [0x00000000eab00000,0x00000000eaffe180,0x00000000ec200000)
  from space 2048K, 78% used [0x00000000ec300000,0x00000000ec490020,0x00000000ec500000)
  to   space 2560K, 0% used [0x00000000ec580000,0x00000000ec580000,0x00000000ec800000)
 ParOldGen       total 221696K, used 217969K [0x00000000c0000000, 0x00000000cd880000, 0x00000000eab00000)
  object space 221696K, 98% used [0x00000000c0000000,0x00000000cd4dc488,0x00000000cd880000)
 Metaspace       used 71605K, capacity 74813K, committed 75008K, reserved 1116160K
  class space    used 6561K, capacity 7672K, committed 7680K, reserved 1048576K
GC Heap History (10 events):
Event: 6851.428 GC heap before
{Heap before GC invocations=697 (full 26):
 PSYoungGen      total 25088K, used 25088K [0x00000000eab00000, 0x00000000ec680000, 0x0000000100000000)
  eden space 24576K, 100% used [0x00000000eab00000,0x00000000ec300000,0x00000000ec300000)
  from space 512K, 100% used [0x00000000ec600000,0x00000000ec680000,0x00000000ec680000)
  to   space 1024K, 0% used [0x00000000ec480000,0x00000000ec480000,0x00000000ec580000)
 ParOldGen       total 221696K, used 214751K [0x00000000c0000000, 0x00000000cd880000, 0x00000000eab00000)
  object space 221696K, 96% used [0x00000000c0000000,0x00000000cd1b7cf8,0x00000000cd880000)
 Metaspace       used 71499K, capacity 74685K, committed 74752K, reserved 1116160K
  class space    used 6561K, capacity 7672K, committed 7680K, reserved 1048576K
}
Event: 6851.430 GC heap after
{Heap after GC invocations=697 (full 26):
 PSYoungGen      total 25600K, used 672K [0x00000000eab00000, 0x00000000ec680000, 0x0000000100000000)
  eden space 24576K, 0% used [0x00000000eab00000,0x00000000eab00000,0x00000000ec300000)
  from space 1024K, 65% used [0x00000000ec480000,0x00000000ec528000,0x00000000ec580000)
  to   space 1024K, 0% used [0x00000000ec580000,0x00000000ec580000,0x00000000ec680000)
 ParOldGen       total 221696K, used 214828K [0x00000000c0000000, 0x00000000cd880000, 0x00000000eab00000)
  object space 221696K, 96% used [0x00000000c0000000,0x00000000cd1cb3b8,0x00000000cd880000)
 Metaspace       used 71499K, capacity 74685K, committed 74752K, reserved 1116160K
  class space    used 6561K, capacity 7672K, committed 7680K, reserved 1048576K
}
Event: 6857.022 GC heap before
{Heap before GC invocations=698 (full 26):
 PSYoungGen      total 25600K, used 25248K [0x00000000eab00000, 0x00000000ec680000, 0x0000000100000000)
  eden space 24576K, 100% used [0x00000000eab00000,0x00000000ec300000,0x00000000ec300000)
  from space 1024K, 65% used [0x00000000ec480000,0x00000000ec528000,0x00000000ec580000)
  to   space 1024K, 0% used [0x00000000ec580000,0x00000000ec580000,0x00000000ec680000)
 ParOldGen       total 221696K, used 214828K [0x00000000c0000000, 0x00000000cd880000, 0x00000000eab00000)
  object space 221696K, 96% used [0x00000000c0000000,0x00000000cd1cb3b8,0x00000000cd880000)
 Metaspace       used 71521K, capacity 74685K, committed 74752K, reserved 1116160K
  class space    used 6561K, capacity 7672K, committed 7680K, reserved 1048576K
}
Event: 6857.024 GC heap after
{Heap after GC invocations=698 (full 26):
 PSYoungGen      total 24576K, used 1008K [0x00000000eab00000, 0x00000000eca00000, 0x0000000100000000)
  eden space 23552K, 0% used [0x00000000eab00000,0x00000000eab00000,0x00000000ec200000)
  from space 1024K, 98% used [0x00000000ec580000,0x00000000ec67c060,0x00000000ec680000)
  to   space 3584K, 0% used [0x00000000ec200000,0x00000000ec200000,0x00000000ec580000)
 ParOldGen       total 221696K, used 216620K [0x00000000c0000000, 0x00000000cd880000, 0x00000000eab00000)
  object space 221696K, 97% used [0x00000000c0000000,0x00000000cd38b3b8,0x00000000cd880000)
 Metaspace       used 71521K, capacity 74685K, committed 74752K, reserved 1116160K
  class space    used 6561K, capacity 7672K, committed 7680K, reserved 1048576K
}
Event: 6863.058 GC heap before
{Heap before GC invocations=699 (full 26):
 PSYoungGen      total 24576K, used 24560K [0x00000000eab00000, 0x00000000eca00000, 0x0000000100000000)
  eden space 23552K, 100% used [0x00000000eab00000,0x00000000ec200000,0x00000000ec200000)
  from space 1024K, 98% used [0x00000000ec580000,0x00000000ec67c060,0x00000000ec680000)
  to   space 3584K, 0% used [0x00000000ec200000,0x00000000ec200000,0x00000000ec580000)
 ParOldGen       total 221696K, used 216620K [0x00000000c0000000, 0x00000000cd880000, 0x00000000eab00000)
  object space 221696K, 97% used [0x00000000c0000000,0x00000000cd38b3b8,0x00000000cd880000)
 Metaspace       used 71533K, capacity 74749K, committed 75008K, reserved 1116160K
  class space    used 6561K, capacity 7672K, committed 7680K, reserved 1048576K
}
Event: 6863.060 GC heap after
{Heap after GC invocations=699 (full 26):
 PSYoungGen      total 27136K, used 3568K [0x00000000eab00000, 0x00000000ecd00000, 0x0000000100000000)
  eden space 23552K, 0% used [0x00000000eab00000,0x00000000eab00000,0x00000000ec200000)
  from space 3584K, 99% used [0x00000000ec200000,0x00000000ec57c060,0x00000000ec580000)
  to   space 5632K, 0% used [0x00000000ec780000,0x00000000ec780000,0x00000000ecd00000)
 ParOldGen       total 221696K, used 217921K [0x00000000c0000000, 0x00000000cd880000, 0x00000000eab00000)
  object space 221696K, 98% used [0x00000000c0000000,0x00000000cd4d0488,0x00000000cd880000)
 Metaspace       used 71533K, capacity 74749K, committed 75008K, reserved 1116160K
  class space    used 6561K, capacity 7672K, committed 7680K, reserved 1048576K
}
Event: 6929.602 GC heap before
{Heap before GC invocations=700 (full 26):
 PSYoungGen      total 27136K, used 27120K [0x00000000eab00000, 0x00000000ecd00000, 0x0000000100000000)
  eden space 23552K, 99% used [0x00000000eab00000,0x00000000ec1ffff8,0x00000000ec200000)
  from space 3584K, 99% used [0x00000000ec200000,0x00000000ec57c060,0x00000000ec580000)
  to   space 5632K, 0% used [0x00000000ec780000,0x00000000ec780000,0x00000000ecd00000)
 ParOldGen       total 221696K, used 217921K [0x00000000c0000000, 0x00000000cd880000, 0x00000000eab00000)
  object space 221696K, 98% used [0x00000000c0000000,0x00000000cd4d0488,0x00000000cd880000)
 Metaspace       used 71550K, capacity 74749K, committed 75008K, reserved 1116160K
  class space    used 6561K, capacity 7672K, committed 7680K, reserved 1048576K
}
Event: 6929.606 GC heap after
{Heap after GC invocations=700 (full 26):
 PSYoungGen      total 26112K, used 2496K [0x00000000eab00000, 0x00000000eca00000, 0x0000000100000000)
  eden space 23552K, 0% used [0x00000000eab00000,0x00000000eab00000,0x00000000ec200000)
  from space 2560K, 97% used [0x00000000ec780000,0x00000000ec9f0020,0x00000000eca00000)
  to   space 3584K, 0% used [0x00000000ec300000,0x00000000ec300000,0x00000000ec680000)
 ParOldGen       total 221696K, used 217961K [0x00000000c0000000, 0x00000000cd880000, 0x00000000eab00000)
  object space 221696K, 98% used [0x00000000c0000000,0x00000000cd4da488,0x00000000cd880000)
 Metaspace       used 71550K, capacity 74749K, committed 75008K, reserved 1116160K
  class space    used 6561K, capacity 7672K, committed 7680K, reserved 1048576K
}
Event: 6946.851 GC heap before
{Heap before GC invocations=701 (full 26):
 PSYoungGen      total 26112K, used 26048K [0x00000000eab00000, 0x00000000eca00000, 0x0000000100000000)
  eden space 23552K, 100% used [0x00000000eab00000,0x00000000ec200000,0x00000000ec200000)
  from space 2560K, 97% used [0x00000000ec780000,0x00000000ec9f0020,0x00000000eca00000)
  to   space 3584K, 0% used [0x00000000ec300000,0x00000000ec300000,0x00000000ec680000)
 ParOldGen       total 221696K, used 217961K [0x00000000c0000000, 0x00000000cd880000, 0x00000000eab00000)
  object space 221696K, 98% used [0x00000000c0000000,0x00000000cd4da488,0x00000000cd880000)
 Metaspace       used 71602K, capacity 74813K, committed 75008K, reserved 1116160K
  class space    used 6561K, capacity 7672K, committed 7680K, reserved 1048576K
}
Event: 6946.868 GC heap after
{Heap after GC invocations=701 (full 26):
 PSYoungGen      total 25600K, used 1600K [0x00000000eab00000, 0x00000000ec800000, 0x0000000100000000)
  eden space 23552K, 0% used [0x00000000eab00000,0x00000000eab00000,0x00000000ec200000)
  from space 2048K, 78% used [0x00000000ec300000,0x00000000ec490020,0x00000000ec500000)
  to   space 2560K, 0% used [0x00000000ec580000,0x00000000ec580000,0x00000000ec800000)
 ParOldGen       total 221696K, used 217969K [0x00000000c0000000, 0x00000000cd880000, 0x00000000eab00000)
  object space 221696K, 98% used [0x00000000c0000000,0x00000000cd4dc488,0x00000000cd880000)
 Metaspace       used 71602K, capacity 74813K, committed 75008K, reserved 1116160K
  class space    used 6561K, capacity 7672K, committed 7680K, reserved 1048576K
}

