# JRE version: Java(TM) SE Runtime Environment 18.9 (11.0.8+10) (build 11.0.8+10-LTS)
# Java VM: Java HotSpot(TM) 64-Bit Server VM 18.9 (11.0.8+10-LTS, mixed mode, tiered, compressed oops, parallel gc, windows-amd64)
Heap:
 PSYoungGen      total 5120K, used 2150K [0x00000000eab00000, 0x00000000eb100000, 0x0000000100000000)
  eden space 4096K, 37% used [0x00000000eab00000,0x00000000eac7dc28,0x00000000eaf00000)
  from space 1024K, 60% used [0x00000000eaf00000,0x00000000eaf9bcd0,0x00000000eb000000)
  to   space 1024K, 0% used [0x00000000eb000000,0x00000000eb000000,0x00000000eb100000)
 ParOldGen       total 171520K, used 169325K [0x00000000c0000000, 0x00000000ca780000, 0x00000000eab00000)
  object space 171520K, 98% used [0x00000000c0000000,0x00000000ca55b680,0x00000000ca780000)
 Metaspace       used 94781K, capacity 98659K, committed 98944K, reserved 1138688K
  class space    used 8288K, capacity 9779K, committed 9856K, reserved 1048576K
GC Heap History (10 events):
Event: 11648.829 GC heap before
{Heap before GC invocations=24565 (full 745):
 PSYoungGen      total 5120K, used 5024K [0x00000000eab00000, 0x00000000eb400000, 0x0000000100000000)
  eden space 3072K, 100% used [0x00000000eab00000,0x00000000eae00000,0x00000000eae00000)
  from space 2048K, 95% used [0x00000000eb200000,0x00000000eb3e8000,0x00000000eb400000)
  to   space 2560K, 0% used [0x00000000eaf00000,0x00000000eaf00000,0x00000000eb180000)
 ParOldGen       total 171520K, used 166260K [0x00000000c0000000, 0x00000000ca780000, 0x00000000eab00000)
  object space 171520K, 96% used [0x00000000c0000000,0x00000000ca25d220,0x00000000ca780000)
 Metaspace       used 94781K, capacity 98659K, committed 98944K, reserved 1138688K
  class space    used 8288K, capacity 9779K, committed 9856K, reserved 1048576K
}
Event: 11648.831 GC heap after
{Heap after GC invocations=24565 (full 745):
 PSYoungGen      total 5120K, used 864K [0x00000000eab00000, 0x00000000eb280000, 0x0000000100000000)
  eden space 4096K, 0% used [0x00000000eab00000,0x00000000eab00000,0x00000000eaf00000)
  from space 1024K, 84% used [0x00000000eaf00000,0x00000000eafd8020,0x00000000eb000000)
  to   space 1536K, 0% used [0x00000000eb100000,0x00000000eb100000,0x00000000eb280000)
 ParOldGen       total 171520K, used 167710K [0x00000000c0000000, 0x00000000ca780000, 0x00000000eab00000)
  object space 171520K, 97% used [0x00000000c0000000,0x00000000ca3c7b20,0x00000000ca780000)
 Metaspace       used 94781K, capacity 98659K, committed 98944K, reserved 1138688K
  class space    used 8288K, capacity 9779K, committed 9856K, reserved 1048576K
}
Event: 11664.289 GC heap before
{Heap before GC invocations=24566 (full 745):
 PSYoungGen      total 5120K, used 4960K [0x00000000eab00000, 0x00000000eb280000, 0x0000000100000000)
  eden space 4096K, 100% used [0x00000000eab00000,0x00000000eaf00000,0x00000000eaf00000)
  from space 1024K, 84% used [0x00000000eaf00000,0x00000000eafd8020,0x00000000eb000000)
  to   space 1536K, 0% used [0x00000000eb100000,0x00000000eb100000,0x00000000eb280000)
 ParOldGen       total 171520K, used 167710K [0x00000000c0000000, 0x00000000ca780000, 0x00000000eab00000)
  object space 171520K, 97% used [0x00000000c0000000,0x00000000ca3c7b20,0x00000000ca780000)
 Metaspace       used 94781K, capacity 98659K, committed 98944K, reserved 1138688K
  class space    used 8288K, capacity 9779K, committed 9856K, reserved 1048576K
}
Event: 11664.292 GC heap after
{Heap after GC invocations=24566 (full 745):
 PSYoungGen      total 5120K, used 672K [0x00000000eab00000, 0x00000000eb200000, 0x0000000100000000)
  eden space 4096K, 0% used [0x00000000eab00000,0x00000000eab00000,0x00000000eaf00000)
  from space 1024K, 65% used [0x00000000eb100000,0x00000000eb1a8000,0x00000000eb200000)
  to   space 1024K, 0% used [0x00000000eaf00000,0x00000000eaf00000,0x00000000eb000000)
 ParOldGen       total 171520K, used 168137K [0x00000000c0000000, 0x00000000ca780000, 0x00000000eab00000)
  object space 171520K, 98% used [0x00000000c0000000,0x00000000ca432440,0x00000000ca780000)
 Metaspace       used 94781K, capacity 98659K, committed 98944K, reserved 1138688K
  class space    used 8288K, capacity 9779K, committed 9856K, reserved 1048576K
}
Event: 11667.107 GC heap before
{Heap before GC invocations=24567 (full 745):
 PSYoungGen      total 5120K, used 4768K [0x00000000eab00000, 0x00000000eb200000, 0x0000000100000000)
  eden space 4096K, 100% used [0x00000000eab00000,0x00000000eaf00000,0x00000000eaf00000)
  from space 1024K, 65% used [0x00000000eb100000,0x00000000eb1a8000,0x00000000eb200000)
  to   space 1024K, 0% used [0x00000000eaf00000,0x00000000eaf00000,0x00000000eb000000)
 ParOldGen       total 171520K, used 168137K [0x00000000c0000000, 0x00000000ca780000, 0x00000000eab00000)
  object space 171520K, 98% used [0x00000000c0000000,0x00000000ca432440,0x00000000ca780000)
 Metaspace       used 94781K, capacity 98659K, committed 98944K, reserved 1138688K
  class space    used 8288K, capacity 9779K, committed 9856K, reserved 1048576K
}
Event: 11667.109 GC heap after
{Heap after GC invocations=24567 (full 745):
 PSYoungGen      total 5120K, used 928K [0x00000000eab00000, 0x00000000eb180000, 0x0000000100000000)
  eden space 4096K, 0% used [0x00000000eab00000,0x00000000eab00000,0x00000000eaf00000)
  from space 1024K, 90% used [0x00000000eaf00000,0x00000000eafe8000,0x00000000eb000000)
  to   space 1024K, 0% used [0x00000000eb080000,0x00000000eb080000,0x00000000eb180000)
 ParOldGen       total 171520K, used 168715K [0x00000000c0000000, 0x00000000ca780000, 0x00000000eab00000)
  object space 171520K, 98% used [0x00000000c0000000,0x00000000ca4c2d60,0x00000000ca780000)
 Metaspace       used 94781K, capacity 98659K, committed 98944K, reserved 1138688K
  class space    used 8288K, capacity 9779K, committed 9856K, reserved 1048576K
}
Event: 11668.846 GC heap before
{Heap before GC invocations=24568 (full 745):
 PSYoungGen      total 5120K, used 5024K [0x00000000eab00000, 0x00000000eb180000, 0x0000000100000000)
  eden space 4096K, 100% used [0x00000000eab00000,0x00000000eaf00000,0x00000000eaf00000)
  from space 1024K, 90% used [0x00000000eaf00000,0x00000000eafe8000,0x00000000eb000000)
  to   space 1024K, 0% used [0x00000000eb080000,0x00000000eb080000,0x00000000eb180000)
 ParOldGen       total 171520K, used 168715K [0x00000000c0000000, 0x00000000ca780000, 0x00000000eab00000)
  object space 171520K, 98% used [0x00000000c0000000,0x00000000ca4c2d60,0x00000000ca780000)
 Metaspace       used 94781K, capacity 98659K, committed 98944K, reserved 1138688K
  class space    used 8288K, capacity 9779K, committed 9856K, reserved 1048576K
}
Event: 11668.849 GC heap after
{Heap after GC invocations=24568 (full 745):
 PSYoungGen      total 4608K, used 288K [0x00000000eab00000, 0x00000000eb100000, 0x0000000100000000)
  eden space 4096K, 0% used [0x00000000eab00000,0x00000000eab00000,0x00000000eaf00000)
  from space 512K, 56% used [0x00000000eb080000,0x00000000eb0c8000,0x00000000eb100000)
  to   space 1024K, 0% used [0x00000000eaf00000,0x00000000eaf00000,0x00000000eb000000)
 ParOldGen       total 171520K, used 169277K [0x00000000c0000000, 0x00000000ca780000, 0x00000000eab00000)
  object space 171520K, 98% used [0x00000000c0000000,0x00000000ca54f680,0x00000000ca780000)
 Metaspace       used 94781K, capacity 98659K, committed 98944K, reserved 1138688K
  class space    used 8288K, capacity 9779K, committed 9856K, reserved 1048576K
}
Event: 11669.046 GC heap before
{Heap before GC invocations=24569 (full 745):
 PSYoungGen      total 4608K, used 4383K [0x00000000eab00000, 0x00000000eb100000, 0x0000000100000000)
  eden space 4096K, 99% used [0x00000000eab00000,0x00000000eaefffd8,0x00000000eaf00000)
  from space 512K, 56% used [0x00000000eb080000,0x00000000eb0c8000,0x00000000eb100000)
  to   space 1024K, 0% used [0x00000000eaf00000,0x00000000eaf00000,0x00000000eb000000)
 ParOldGen       total 171520K, used 169277K [0x00000000c0000000, 0x00000000ca780000, 0x00000000eab00000)
  object space 171520K, 98% used [0x00000000c0000000,0x00000000ca54f680,0x00000000ca780000)
 Metaspace       used 94781K, capacity 98659K, committed 98944K, reserved 1138688K
  class space    used 8288K, capacity 9779K, committed 9856K, reserved 1048576K
}
Event: 11669.048 GC heap after
{Heap after GC invocations=24569 (full 745):
 PSYoungGen      total 5120K, used 623K [0x00000000eab00000, 0x00000000eb100000, 0x0000000100000000)
  eden space 4096K, 0% used [0x00000000eab00000,0x00000000eab00000,0x00000000eaf00000)
  from space 1024K, 60% used [0x00000000eaf00000,0x00000000eaf9bcd0,0x00000000eb000000)
  to   space 1024K, 0% used [0x00000000eb000000,0x00000000eb000000,0x00000000eb100000)
 ParOldGen       total 171520K, used 169325K [0x00000000c0000000, 0x00000000ca780000, 0x00000000eab00000)
  object space 171520K, 98% used [0x00000000c0000000,0x00000000ca55b680,0x00000000ca780000)
 Metaspace       used 94781K, capacity 98659K, committed 98944K, reserved 1138688K
  class space    used 8288K, capacity 9779K, committed 9856K, reserved 1048576K
}

