# JRE version: Java(TM) SE Runtime Environment 18.9 (11.0.8+10) (build 11.0.8+10-LTS)
# Java VM: Java HotSpot(TM) 64-Bit Server VM 18.9 (11.0.8+10-LTS, mixed mode, tiered, compressed oops, parallel gc, windows-amd64)
Heap:
 PSYoungGen      total 4608K, used 2810K [0x00000000eab00000, 0x00000000eb480000, 0x0000000100000000)
  eden space 3072K, 54% used [0x00000000eab00000,0x00000000eaca2850,0x00000000eae00000)
  from space 1536K, 73% used [0x00000000eb300000,0x00000000eb41c010,0x00000000eb480000)
  to   space 2560K, 0% used [0x00000000eaf80000,0x00000000eaf80000,0x00000000eb200000)
 ParOldGen       total 273920K, used 219142K [0x00000000c0000000, 0x00000000d0b80000, 0x00000000eab00000)
  object space 273920K, 80% used [0x00000000c0000000,0x00000000cd601a48,0x00000000d0b80000)
 Metaspace       used 91502K, capacity 95188K, committed 95832K, reserved 1134592K
  class space    used 8273K, capacity 9643K, committed 9856K, reserved 1048576K
GC Heap History (10 events):
Event: 18624.797 GC heap before
{Heap before GC invocations=2546 (full 42):
 PSYoungGen      total 2048K, used 1600K [0x00000000eab00000, 0x00000000eaf00000, 0x0000000100000000)
  eden space 1024K, 100% used [0x00000000eab00000,0x00000000eac00000,0x00000000eac00000)
  from space 1024K, 56% used [0x00000000eae00000,0x00000000eae90000,0x00000000eaf00000)
  to   space 1024K, 0% used [0x00000000ead00000,0x00000000ead00000,0x00000000eae00000)
 ParOldGen       total 273920K, used 270179K [0x00000000c0000000, 0x00000000d0b80000, 0x00000000eab00000)
  object space 273920K, 98% used [0x00000000c0000000,0x00000000d07d8f00,0x00000000d0b80000)
 Metaspace       used 91500K, capacity 95188K, committed 95832K, reserved 1134592K
  class space    used 8273K, capacity 9643K, committed 9856K, reserved 1048576K
}
Event: 18624.800 GC heap after
{Heap after GC invocations=2546 (full 42):
 PSYoungGen      total 2560K, used 1024K [0x00000000eab00000, 0x00000000eb080000, 0x0000000100000000)
  eden space 1536K, 0% used [0x00000000eab00000,0x00000000eab00000,0x00000000eac80000)
  from space 1024K, 100% used [0x00000000ead00000,0x00000000eae00000,0x00000000eae00000)
  to   space 2048K, 0% used [0x00000000eae80000,0x00000000eae80000,0x00000000eb080000)
 ParOldGen       total 273920K, used 270699K [0x00000000c0000000, 0x00000000d0b80000, 0x00000000eab00000)
  object space 273920K, 98% used [0x00000000c0000000,0x00000000d085af00,0x00000000d0b80000)
 Metaspace       used 91500K, capacity 95188K, committed 95832K, reserved 1134592K
  class space    used 8273K, capacity 9643K, committed 9856K, reserved 1048576K
}
Event: 18624.805 GC heap before
{Heap before GC invocations=2547 (full 42):
 PSYoungGen      total 2560K, used 2560K [0x00000000eab00000, 0x00000000eb080000, 0x0000000100000000)
  eden space 1536K, 100% used [0x00000000eab00000,0x00000000eac80000,0x00000000eac80000)
  from space 1024K, 100% used [0x00000000ead00000,0x00000000eae00000,0x00000000eae00000)
  to   space 2048K, 0% used [0x00000000eae80000,0x00000000eae80000,0x00000000eb080000)
 ParOldGen       total 273920K, used 270699K [0x00000000c0000000, 0x00000000d0b80000, 0x00000000eab00000)
  object space 273920K, 98% used [0x00000000c0000000,0x00000000d085af00,0x00000000d0b80000)
 Metaspace       used 91500K, capacity 95188K, committed 95832K, reserved 1134592K
  class space    used 8273K, capacity 9643K, committed 9856K, reserved 1048576K
}
Event: 18624.810 GC heap after
{Heap after GC invocations=2547 (full 42):
 PSYoungGen      total 3584K, used 1600K [0x00000000eab00000, 0x00000000eb100000, 0x0000000100000000)
  eden space 1536K, 0% used [0x00000000eab00000,0x00000000eab00000,0x00000000eac80000)
  from space 2048K, 78% used [0x00000000eae80000,0x00000000eb010000,0x00000000eb080000)
  to   space 2048K, 0% used [0x00000000eac80000,0x00000000eac80000,0x00000000eae80000)
 ParOldGen       total 273920K, used 271691K [0x00000000c0000000, 0x00000000d0b80000, 0x00000000eab00000)
  object space 273920K, 99% used [0x00000000c0000000,0x00000000d0952f00,0x00000000d0b80000)
 Metaspace       used 91500K, capacity 95188K, committed 95832K, reserved 1134592K
  class space    used 8273K, capacity 9643K, committed 9856K, reserved 1048576K
}
Event: 18624.814 GC heap before
{Heap before GC invocations=2548 (full 42):
 PSYoungGen      total 3584K, used 3136K [0x00000000eab00000, 0x00000000eb100000, 0x0000000100000000)
  eden space 1536K, 100% used [0x00000000eab00000,0x00000000eac80000,0x00000000eac80000)
  from space 2048K, 78% used [0x00000000eae80000,0x00000000eb010000,0x00000000eb080000)
  to   space 2048K, 0% used [0x00000000eac80000,0x00000000eac80000,0x00000000eae80000)
 ParOldGen       total 273920K, used 271691K [0x00000000c0000000, 0x00000000d0b80000, 0x00000000eab00000)
  object space 273920K, 99% used [0x00000000c0000000,0x00000000d0952f00,0x00000000d0b80000)
 Metaspace       used 91500K, capacity 95188K, committed 95832K, reserved 1134592K
  class space    used 8273K, capacity 9643K, committed 9856K, reserved 1048576K
}
Event: 18624.818 GC heap after
{Heap after GC invocations=2548 (full 42):
 PSYoungGen      total 3584K, used 736K [0x00000000eab00000, 0x00000000eb000000, 0x0000000100000000)
  eden space 1536K, 0% used [0x00000000eab00000,0x00000000eab00000,0x00000000eac80000)
  from space 2048K, 35% used [0x00000000eac80000,0x00000000ead38000,0x00000000eae80000)
  to   space 1536K, 0% used [0x00000000eae80000,0x00000000eae80000,0x00000000eb000000)
 ParOldGen       total 273920K, used 273243K [0x00000000c0000000, 0x00000000d0b80000, 0x00000000eab00000)
  object space 273920K, 99% used [0x00000000c0000000,0x00000000d0ad6f00,0x00000000d0b80000)
 Metaspace       used 91500K, capacity 95188K, committed 95832K, reserved 1134592K
  class space    used 8273K, capacity 9643K, committed 9856K, reserved 1048576K
}
Event: 18624.818 GC heap before
{Heap before GC invocations=2549 (full 43):
 PSYoungGen      total 3584K, used 736K [0x00000000eab00000, 0x00000000eb000000, 0x0000000100000000)
  eden space 1536K, 0% used [0x00000000eab00000,0x00000000eab00000,0x00000000eac80000)
  from space 2048K, 35% used [0x00000000eac80000,0x00000000ead38000,0x00000000eae80000)
  to   space 1536K, 0% used [0x00000000eae80000,0x00000000eae80000,0x00000000eb000000)
 ParOldGen       total 273920K, used 273243K [0x00000000c0000000, 0x00000000d0b80000, 0x00000000eab00000)
  object space 273920K, 99% used [0x00000000c0000000,0x00000000d0ad6f00,0x00000000d0b80000)
 Metaspace       used 91500K, capacity 95188K, committed 95832K, reserved 1134592K
  class space    used 8273K, capacity 9643K, committed 9856K, reserved 1048576K
}
Event: 18624.900 GC heap after
{Heap after GC invocations=2549 (full 43):
 PSYoungGen      total 3584K, used 0K [0x00000000eab00000, 0x00000000eb000000, 0x0000000100000000)
  eden space 2048K, 0% used [0x00000000eab00000,0x00000000eab00000,0x00000000ead00000)
  from space 1536K, 0% used [0x00000000eae80000,0x00000000eae80000,0x00000000eb000000)
  to   space 1536K, 0% used [0x00000000ead00000,0x00000000ead00000,0x00000000eae80000)
 ParOldGen       total 273920K, used 208067K [0x00000000c0000000, 0x00000000d0b80000, 0x00000000eab00000)
  object space 273920K, 75% used [0x00000000c0000000,0x00000000ccb30cc8,0x00000000d0b80000)
 Metaspace       used 91500K, capacity 95188K, committed 95832K, reserved 1134592K
  class space    used 8273K, capacity 9643K, committed 9856K, reserved 1048576K
}
Event: 18624.909 GC heap before
{Heap before GC invocations=2550 (full 43):
 PSYoungGen      total 3584K, used 2048K [0x00000000eab00000, 0x00000000eb000000, 0x0000000100000000)
  eden space 2048K, 100% used [0x00000000eab00000,0x00000000ead00000,0x00000000ead00000)
  from space 1536K, 0% used [0x00000000eae80000,0x00000000eae80000,0x00000000eb000000)
  to   space 1536K, 0% used [0x00000000ead00000,0x00000000ead00000,0x00000000eae80000)
 ParOldGen       total 273920K, used 208067K [0x00000000c0000000, 0x00000000d0b80000, 0x00000000eab00000)
  object space 273920K, 75% used [0x00000000c0000000,0x00000000ccb30cc8,0x00000000d0b80000)
 Metaspace       used 91500K, capacity 95188K, committed 95832K, reserved 1134592K
  class space    used 8273K, capacity 9643K, committed 9856K, reserved 1048576K
}
Event: 18624.910 GC heap after
{Heap after GC invocations=2550 (full 43):
 PSYoungGen      total 3584K, used 1068K [0x00000000eab00000, 0x00000000eb080000, 0x0000000100000000)
  eden space 2048K, 0% used [0x00000000eab00000,0x00000000eab00000,0x00000000ead00000)
  from space 1536K, 69% used [0x00000000ead00000,0x00000000eae0b238,0x00000000eae80000)
  to   space 1536K, 0% used [0x00000000eaf00000,0x00000000eaf00000,0x00000000eb080000)
 ParOldGen       total 273920K, used 208067K [0x00000000c0000000, 0x00000000d0b80000, 0x00000000eab00000)
  object space 273920K, 75% used [0x00000000c0000000,0x00000000ccb30cc8,0x00000000d0b80000)
 Metaspace       used 91500K, capacity 95188K, committed 95832K, reserved 1134592K
  class space    used 8273K, capacity 9643K, committed 9856K, reserved 1048576K
}

